окт. 04, 2025 8:34:35 AM StreamCipher main
WARNING: Це попередження — воно з’явиться і в консолі, і у файлі!
окт. 04, 2025 9:03:39 AM StreamCipher main
WARNING: ?? ???????????? ? ???? ????????? ? ? ???????, ? ? ?????!
окт. 04, 2025 9:03:55 AM StreamCipher main
WARNING: This is a warning ? it will appear both in console and log file!
окт. 04, 2025 9:13:27 AM StreamCipher main
WARNING: ?? ???????????? ? ???? ????????? ? ? ???????, ? ? ?????!
окт. 04, 2025 9:19:23 AM StreamCipher main
WARNING: ?? ???????????? ? ???? ????????? ? ? ???????, ? ? ?????!
окт. 04, 2025 9:20:03 AM StreamCipher main
WARNING: ?? ???????????? ? ???? ????????? ? ? ???????, ? ? ?????!
окт. 04, 2025 9:25:29 AM StreamCipher main
WARNING: ?? ???????????? ? ???? ????????? ? ? ???????, ? ? ?????!
окт. 04, 2025 9:34:05 AM StreamCipher main
WARNING: This is a warning ? it will appear both in console and log file!
окт. 04, 2025 9:39:14 AM StreamCipher main
WARNING: Це попередження – воно з’явиться і в консолі, і у файлі!
окт. 04, 2025 9:40:13 AM StreamCipher main
WARNING: This is a warning – it will appear both in console and log file!
окт. 04, 2025 9:41:39 AM StreamCipher main
WARNING: Це попередження – воно з’явиться і в консолі, і у файлі!
окт. 04, 2025 9:43:30 AM StreamCipher main
WARNING: This is a warning – it will appear both in console and log file!
окт. 04, 2025 9:54:48 AM StreamCipher main
WARNING: Це попередження – воно з’явиться і в консолі, і у файлі!
окт. 04, 2025 9:54:57 AM StreamCipher main
WARNING: This is a warning – it will appear both in console and log file!
окт. 04, 2025 9:55:19 AM StreamCipher main
WARNING: This is a warning – it will appear both in console and log file!
